[2025-11-14 23:11:59] <naten530> Oh shit, Shes got a GUN!
[2025-11-14 23:11:59] <CorpseNothing> damn!
[2025-11-14 23:11:59] <Kraven12> HAHAHA
[2025-11-14 23:11:59] <FertilityHollis> HeyBud yes!!
[2025-11-14 23:11:59] <naten530> that headshot lol
[2025-11-14 23:11:59] <CorpseNothing> she shot that guy for real
[2025-11-14 23:11:59] <CorpseNothing> crashing the bike was NOT in the budget
[2025-11-14 23:11:59] <HeyBud> #farleydance
[2025-11-14 23:11:59] <xTOMSERVOx> I Now Pronounce you Cuck and Cuck
[2025-11-14 23:11:59] <naten530> that kid is just there
[2025-11-14 23:11:59] <naten530> A Few Good Cucks
[2025-11-14 23:11:59] <SqueezeMeCigaretti> This is awesome
[2025-11-14 23:11:59] <CorpseNothing> that was sick
[2025-11-14 23:11:59] <Thee_Original_Pizza> lmao
[2025-11-14 23:11:59] <xTOMSERVOx> 666, good guy right?
[2025-11-14 23:11:59] * <*> Now playing: Moonchild.[1994].mp4
[2025-11-14 23:11:59] * <*> FertilityHollis has joined
[2025-11-14 23:11:59] * <*> Now playing: Moonchild.[1994].mp4
[2025-11-14 23:12:03] <HeyBud> that elderly bounty hunter is like 1/3rd her height
[2025-11-14 23:12:04] <CorpseNothing> the number of the beast
[2025-11-14 23:12:13] <naten530> No more bahd nuus
[2025-11-14 23:12:14] <acidwashvideo> Ursula Bountyhunter
[2025-11-14 23:12:15] <Thee_Original_Pizza> Stop interrupting this guy in his living room
[2025-11-14 23:12:18] <leathertowel> nice door hinge
[2025-11-14 23:12:19] * <*> RonJeremy10 has joined
[2025-11-14 23:12:19] <[server]> RonJeremy10 joined (aliases: RonJeremy10)
[2025-11-14 23:12:21] <CorpseNothing> who the fuck is that guy?
[2025-11-14 23:12:23] <AmbsAce> The movie's most actor
[2025-11-14 23:12:25] <SqueezeMeCigaretti> He sounds like Forest Gump
[2025-11-14 23:12:27] <xTOMSERVOx> Wiggly Little Heros are what I call deez nuts
[2025-11-14 23:12:27] <Thee_Original_Pizza> Wiggly little heroes?
[2025-11-14 23:12:33] <Kraven12> Varth Bader must deal with this problem personally
[2025-11-14 23:12:37] <AmbsAce> lol
[2025-11-14 23:12:41] <HeyBud> lol kraven
[2025-11-14 23:12:45] <leathertowel> Starved Whores
[2025-11-14 23:12:47] * <*> thedurangokid has joined
[2025-11-14 23:12:48] <[server]> thedurangokid joined (aliases: thedurangokid)
[2025-11-14 23:13:19] * <*> thedurangokid has left
[2025-11-14 23:13:19] <xTOMSERVOx> Preach sister
[2025-11-14 23:13:21] <HeyBud> ^
[2025-11-14 23:13:22] * <*> thedurangokid has joined
[2025-11-14 23:13:22] <[server]> thedurangokid joined (aliases: thedurangokid)
[2025-11-14 23:13:22] <Rhaast> #alrightythen
[2025-11-14 23:13:22] * <*> vomitkaiju has left
[2025-11-14 23:13:24] * <*> vomitkaiju has joined
[2025-11-14 23:13:24] <[server]> vomitkaiju joined (aliases: vomitkaiju)
[2025-11-14 23:13:24] <Thee_Original_Pizza> Like WHAT?
[2025-11-14 23:13:27] <HeyBud> OH SHIT
[2025-11-14 23:13:28] <leathertowel> writted by Gorged Mucus
[2025-11-14 23:13:30] <SqueezeMeCigaretti> Smooches
[2025-11-14 23:13:34] <yaboonabi>  cleaning the gutters
[2025-11-14 23:13:40] <HeyBud> this sound jesus christ
[2025-11-14 23:13:48] <Thee_Original_Pizza> RUSTLE RUSTLE RUSTL
[2025-11-14 23:13:48] <Rhaast> #afraid
[2025-11-14 23:13:51] <yaboonabi> shooing away spiders
[2025-11-14 23:13:55] <SqueezeMeCigaretti> Hissing louder than Vipers
[2025-11-14 23:13:55] <xTOMSERVOx> Damn, I gotta piss but this is hard to look away from
[2025-11-14 23:14:00] <Kraven12> give me the marshmellows and nobody gets hurt!
[2025-11-14 23:14:00] <naten530> RIP headphone weares
[2025-11-14 23:14:05] <HeyBud> they had good audio at the fire pit, rip my ears
[2025-11-14 23:14:05] <naten530> wearers 
[2025-11-14 23:14:18] <SqueezeMeCigaretti> Tom, that's why I made a new account for pooping on my phone
[2025-11-14 23:14:21] <naten530> crackle crackle snap 
[2025-11-14 23:14:26] <Kraven12> WHAT IN THE HELL
[2025-11-14 23:14:26] <SqueezeMeCigaretti> I mean, not pooping on my phone
