[2025-11-14 22:40:41] <HeyBud> is this a character selection bit of the game
[2025-11-14 22:40:41] <Thee_Original_Pizza> Duct Tape Man!
[2025-11-14 22:40:41] <CorpseNothing> Trapper, D tier killer
[2025-11-14 22:40:41] <makeemsayugh> lmao these are just bad mortal kombat rip offs
[2025-11-14 22:40:41] <Thee_Original_Pizza> The ultimate killing machine!
[2025-11-14 22:40:41] <AmbsAce> Are we expected to remember these rich characters?
[2025-11-14 22:40:41] <SqueezeMeMacaroni> #liukangkick
[2025-11-14 22:40:41] <xTOMSERVOx> Surprised she didn't send him to Portland
[2025-11-14 22:40:41] <HeyBud> with outfits like that, they're unforgettable
[2025-11-14 22:40:41] <yaboonabi> is she...reading the quiet parts of the script out loud?
[2025-11-14 22:40:41] <CorpseNothing> lol whos mom is this?
[2025-11-14 22:40:41] <naten530> This is Neil Breen tier
[2025-11-14 22:40:41] <Kraven12> hahah
[2025-11-14 22:40:41] <Gabaghoul64> Makeem remember Meat? what was the deal with that guy?
[2025-11-14 22:40:41] <HeyBud> you go mom!
[2025-11-14 22:40:41] * <*> Now playing: Moonchild.[1994].mp4
[2025-11-14 22:40:41] * <*> FertilityHollis has joined
[2025-11-14 22:40:41] * <*> Now playing: Moonchild.[1994].mp4
[2025-11-14 22:40:42] <AmbsAce> God bless them for speaking the fuck up for their $7 microphone. I am not joking.
[2025-11-14 22:40:44] <HeyBud> WTF ist his outfit lmao
[2025-11-14 22:40:48] <evapilot> Neil Breen had his first orgasm to this. 
[2025-11-14 22:40:49] <FertilityHollis> oh god this is already fucking GOLD
[2025-11-14 22:40:50] <yaboonabi> hey, this high school drama club is trying very hard
[2025-11-14 22:40:51] <xTOMSERVOx> He knows where all the flowers go?
[2025-11-14 22:40:54] <SqueezeMeMacaroni> Nah, Breen breaks reality in the pursuit of filmmaking
[2025-11-14 22:40:54] <TeenageDraculerX> CorpseNothing: mom?...more like grandmom
[2025-11-14 22:40:55] <Thee_Original_Pizza> Wolfmaaaaaaaaaan!
[2025-11-14 22:40:55] <HeyBud> lmao ambs
[2025-11-14 22:40:56] <naten530> come back to me come back to me
[2025-11-14 22:40:57] <xTOMSERVOx> Gotta meet this guy
[2025-11-14 22:40:59] <Kraven12> #warriorrage
[2025-11-14 22:41:01] <chudsworth> #warriorrage 
[2025-11-14 22:41:15] <Kraven12> nobody can defeat the ultimate warrior lol
[2025-11-14 22:41:18] <makeemsayugh> gaba: meat from MK4....oh yea, idk if this movie will atempt that monstrosity 
[2025-11-14 22:41:20] <CorpseNothing> E X P O S I T I O N
[2025-11-14 22:41:20] <FertilityHollis> overly complicated sci-fi plot that required 10 minutes of exposition? IM IN!!!!
[2025-11-14 22:41:20] <Kraven12> accept for maybe this old lady
[2025-11-14 22:41:22] <Thee_Original_Pizza> She became pregnant and the hit her
[2025-11-14 22:41:26] <Thee_Original_Pizza> they
[2025-11-14 22:41:29] <chudsworth> and himself KG
[2025-11-14 22:41:30] <xTOMSERVOx> She's late for her other gig, a barfly in a mafia movie
[2025-11-14 22:41:31] <HeyBud> Like a werewolf!?
[2025-11-14 22:41:37] <evapilot> THIS IS A WEARWOLF MOVIE?!
[2025-11-14 22:41:40] <makeemsayugh> AFFIRMATIVE
[2025-11-14 22:41:50] <SqueezeMeMacaroni> Fuck the edibles kicked in and I stupided my way through that entire exposition dump
[2025-11-14 22:41:50] <FertilityHollis> ##bronsonsmile
[2025-11-14 22:41:54] <evapilot> #cooliowhat
[2025-11-14 22:41:55] <Thee_Original_Pizza> Ah yes, the cafe
[2025-11-14 22:41:59] <xTOMSERVOx> You didn't miss much
[2025-11-14 22:42:03] <naten530> WOW this is something else
[2025-11-14 22:42:04] <acidwashvideo> this was shot in/around Kansas City
[2025-11-14 22:42:04] <makeemsayugh> how many MG edible Squeeze?
[2025-11-14 22:42:04] <Kraven12> Lycanthrope Feature Productions only makes werewolf movies
[2025-11-14 22:42:06] <FertilityHollis> hmm, ok, one more to fix before the bugfix release. brb
[2025-11-14 22:42:06] <TeenageDraculerX> grandma was paid in pallmalls
[2025-11-14 22:42:09] <HeyBud> chicagah
[2025-11-14 22:42:12] <SqueezeMeMacaroni> 60, makeemsayugh 
[2025-11-14 22:42:16] <xTOMSERVOx> His wife?
[2025-11-14 22:42:17] <evapilot> LOL TEEN
[2025-11-14 22:42:17] <naten530> chiCAHgo
[2025-11-14 22:42:26] <makeemsayugh> wew :o 60 would have my trippin balls
[2025-11-14 22:42:27] <CorpseNothing> TLDR they mixed someone with wolf cock and now the killers gotta get em
[2025-11-14 22:42:29] <Kraven12> tdx lol
[2025-11-14 22:42:37] <Thee_Original_Pizza> Forget my SUUUUHN?!
[2025-11-14 22:42:41] <SqueezeMeMacaroni> Ha, I do 90mg when I want to get extra high
[2025-11-14 22:42:57] <AmbsAce> This makes me feel so much better about the plays I was in in high school
[2025-11-14 22:43:06] <HeyBud> I wish they could order a miiiiiiiiiiiiiiiSTEAK
[2025-11-14 22:43:08] <xTOMSERVOx> This would be cool if I could hear it
[2025-11-14 22:43:15] <naten530> The cool guy edgy haircut
[2025-11-14 22:43:16] <CorpseNothing> do you think they observed Child Labor Laws while making this?
[2025-11-14 22:43:24] <SqueezeMeMacaroni> Absolutely the fuck not
[2025-11-14 22:43:26] <Kraven12> corpse lmao
[2025-11-14 22:43:28] <Gabaghoul64> Did they oay this guy in PBR's?
[2025-11-14 22:43:33] <Thee_Original_Pizza> They recorded this via the vibration on a snare drum
[2025-11-14 22:43:33] <CorpseNothing> "he had the strength of a child"
[2025-11-14 22:43:37] <Gabaghoul64> *pay
[2025-11-14 22:43:42] * <*> abime has joined
[2025-11-14 22:43:42] <[server]> abime joined (aliases: abime)
[2025-11-14 22:43:43] <SqueezeMeMacaroni> lol Pizz
[2025-11-14 22:43:44] <AmbsAce> "It's cool, the camcorder already has a microphone on it!"
[2025-11-14 22:43:50] * <*> IrateAmbassador has left
[2025-11-14 22:43:50] <HeyBud> lmao ambs
[2025-11-14 22:43:51] <xTOMSERVOx> He seems more like a Mickey's Big Mouth guy to me
[2025-11-14 22:43:53] <naten530> They make that girl do her homework in between takes
[2025-11-14 22:43:53] <acidwashvideo> i swear he's saying eck-scaped
[2025-11-14 22:43:53] <Kraven12> they paid this girl in chips ahoy and oreos
[2025-11-14 22:43:55] <Thee_Original_Pizza> Y
[2025-11-14 22:43:58] <chudsworth> #acting 
[2025-11-14 22:43:59] <AmbsAce> lmao kraven
[2025-11-14 22:44:08] <naten530> Theyre all mean to her STUDY!
[2025-11-14 22:44:10] <SqueezeMeMacaroni> I hope that kid gets murdered by whatever murders in this movie
[2025-11-14 22:44:15] <Thee_Original_Pizza> All of out alien people?
[2025-11-14 22:44:18] <Thee_Original_Pizza> our
[2025-11-14 22:44:19] <CorpseNothing> I paid myself in PBR's today, Gaba
[2025-11-14 22:44:35] <AmbsAce> her sister has a vehicle! 
[2025-11-14 22:44:40] <LandoWestCoast> why does no one talk like a real person?
[2025-11-14 22:44:42] <SqueezeMeMacaroni> Methina?
[2025-11-14 22:44:45] <AmbsAce> This is how people talk!
[2025-11-14 22:44:48] <Thee_Original_Pizza> Her sister is even younger
[2025-11-14 22:44:49] <AmbsAce> lmao Methina
[2025-11-14 22:46:02] * <*> hunchback has left
[2025-11-14 22:46:04] * <*> hunchback has joined
