[2025-11-14 23:21:03] <SqueezeMeCigaretti> #roadhousekick
[2025-11-14 23:21:03] <CorpseNothing> lmao what is happening here?
[2025-11-14 23:21:03] <HeyBud> naten530: and looks like a 1996 slipknot moshpit
[2025-11-14 23:21:03] <Thee_Original_Pizza> bonk
[2025-11-14 23:21:03] <HeyBud> or an average night at dennys
[2025-11-14 23:21:03] <SqueezeMeCigaretti> Not the worst fight scene
[2025-11-14 23:21:03] <naten530> lol
[2025-11-14 23:21:03] <naten530> bud
[2025-11-14 23:21:03] <Kraven12> this is amaziingly awful lmao
[2025-11-14 23:21:03] <AmbsAce> Not even badly lit or shot
[2025-11-14 23:21:03] <HeyBud> NO
[2025-11-14 23:21:03] <Thee_Original_Pizza> yum yum
[2025-11-14 23:21:03] <HeyBud> im tomorrow's SNACK
[2025-11-14 23:21:03] <Thee_Original_Pizza> What?
[2025-11-14 23:21:03] <Thee_Original_Pizza> I thought his son was a werewolf
[2025-11-14 23:21:03] * <*> Now playing: Moonchild.[1994].mp4
[2025-11-14 23:21:03] * <*> FertilityHollis has joined
[2025-11-14 23:21:04] * <*> Now playing: Moonchild.[1994].mp4
[2025-11-14 23:21:12] * <*> AmbsAce has joined
[2025-11-14 23:21:12] <[server]> AmbsAce joined (aliases: AmbsAce)
[2025-11-14 23:21:16] <HeyBud> nothing is impossible in this movie
[2025-11-14 23:21:20] * <*> AmbsAce has left
[2025-11-14 23:21:20] * <*> AmbsAce has joined
[2025-11-14 23:21:20] <[server]> AmbsAce joined (aliases: AmbsAce)
[2025-11-14 23:21:26] <Thee_Original_Pizza> Oh, they're on the honor system
[2025-11-14 23:21:29] * <*> AmbsAce has left
[2025-11-14 23:21:30] * <*> AmbsAce has joined
[2025-11-14 23:21:30] <[server]> AmbsAce joined (aliases: AmbsAce)
[2025-11-14 23:21:31] <naten530> Slpknots self titled and Iowa albums were sick af, but Mate feed kill repeat was really a unique sound I wish they brought out later
[2025-11-14 23:21:36] <yaboonabi> you have a deal, jake the snake
[2025-11-14 23:21:38] <HeyBud> first snack, then lunch and now dinner?! make up your mind
[2025-11-14 23:21:44] <HeyBud> pick a lane bud
[2025-11-14 23:21:59] <yaboonabi> some people are just an all-day snack, y'know
[2025-11-14 23:22:01] <AmbsAce> Heroic.wav
[2025-11-14 23:22:05] <HeyBud> lol
[2025-11-14 23:22:18] <SqueezeMeCigaretti> #rocky
[2025-11-14 23:22:21] <AmbsAce> maybe Heroic.midi
[2025-11-14 23:22:31] <Thee_Original_Pizza> Nice musket
[2025-11-14 23:22:38] <acidwashvideo> where did that chick come from
[2025-11-14 23:22:51] <xTOMSERVOx> Weasel's like that chick you hook up with at a hippie music festival
[2025-11-14 23:22:53] <SqueezeMeCigaretti> Where the fuck did any of this come from
[2025-11-14 23:23:08] <HeyBud> I bet those people sitting on the ground are just catering 
[2025-11-14 23:23:08] <Thee_Original_Pizza> This is the movie Randy Quaid was writing music for
[2025-11-14 23:23:14] <AmbsAce> It's fuckin wimdy
[2025-11-14 23:23:15] <SqueezeMeCigaretti> Lol
[2025-11-14 23:23:16] <Rhaast> throws the gun
[2025-11-14 23:23:17] <acidwashvideo> #cooldance
[2025-11-14 23:23:28] * <*> RonJeremy10 has left
[2025-11-14 23:23:31] <AmbsAce> hahahahaha
[2025-11-14 23:23:32] <naten530> #crackdance
[2025-11-14 23:23:35] <HeyBud> the classic face push
[2025-11-14 23:23:36] <yaboonabi> best warrior at work here
[2025-11-14 23:23:41] <Kraven12> #grouphighfive
[2025-11-14 23:23:53] <yaboonabi> i had to leave the room because of the intense violence
[2025-11-14 23:23:58] <naten530> Back of Moonchild, seriously 
[2025-11-14 23:23:59] <Rhaast> so why beat up the guards if youre not going through that entrance 
[2025-11-14 23:24:00] <xTOMSERVOx> Watch out for giant piles of turtle shit
[2025-11-14 23:24:00] <Rhaast> WHAT
[2025-11-14 23:24:01] <HeyBud> love how the cover was already partially open
[2025-11-14 23:24:02] <Kraven12> i want a Weasel action figure
[2025-11-14 23:24:06] <SqueezeMeCigaretti> I like how they alternate between the best music ever and the worst music ever
[2025-11-14 23:24:07] <AmbsAce> He 1000% has told women in bars that he starred in a movie
[2025-11-14 23:24:21] <Thee_Original_Pizza> "Wanna see my movie?!"
[2025-11-14 23:24:22] <Kraven12> i wonder if Moonchild made action figures 
[2025-11-14 23:24:23] * <*> SqueezeMeCigaretti has left
[2025-11-14 23:24:29] <AmbsAce> and I mean in 2025
[2025-11-14 23:24:33] <acidwashvideo> oh surely there's a funko pop
