[2025-11-14 23:02:38] <HeyBud> his father was brutally blown up with a bomb up his ass
[2025-11-14 23:02:38] <Thee_Original_Pizza> The Sadality?
[2025-11-14 23:02:38] <AmbsAce> lol acid
[2025-11-14 23:02:38] <SqueezeMeCigaretti> She is looking like a snack. Or a full meal
[2025-11-14 23:02:38] <Thee_Original_Pizza> lmao acid
[2025-11-14 23:02:38] <Kraven12> he doesnt know what liability means 
[2025-11-14 23:02:38] <CorpseNothing> Fear leads to anger, anger leads to hate, H... leads to suffering
[2025-11-14 23:02:38] <AmbsAce> he's really selling this moment
[2025-11-14 23:02:38] <evapilot> >Neil Breen waits patiently off-camera, wearing only a towel, for his shower scene with the female lead, that will never come :(
[2025-11-14 23:02:38] <AmbsAce> lol
[2025-11-14 23:02:38] <HeyBud> except for the plot in this movie, very little happens in it for a reason
[2025-11-14 23:02:38] <Kraven12> neil breen is jealous of this movie 
[2025-11-14 23:02:38] <naten530> You know what this crazy bitch was into? She wanted to stick a bomb up my aiss! Pretend like I was a nuclear-biological terror weapon
[2025-11-14 23:02:38] <evapilot> women!
[2025-11-14 23:02:38] <xTOMSERVOx> I know a guy named Golum who would disagree on this guy's definition of "Precious"
[2025-11-14 23:02:38] * <*> Now playing: Moonchild.[1994].mp4
[2025-11-14 23:02:38] * <*> FertilityHollis has joined
[2025-11-14 23:02:38] * <*> Now playing: Moonchild.[1994].mp4
[2025-11-14 23:02:40] <Thee_Original_Pizza> Oh, it's a Christian movie
[2025-11-14 23:02:50] <HeyBud> I dont know if you're serious pizza
[2025-11-14 23:02:56] <naten530> is that what shes saying?
[2025-11-14 23:02:58] <evapilot> They loop this scene in Guantamano.
[2025-11-14 23:02:59] <AmbsAce> the guitar keeps going jesus lol
[2025-11-14 23:03:02] <naten530> the christian stuff?
[2025-11-14 23:03:04] <acidwashvideo> lmao eva
[2025-11-14 23:03:05] * <*> PrincessJenny has left
[2025-11-14 23:03:05] * <*> PrincessJenny has joined
[2025-11-14 23:03:05] <[server]> PrincessJenny joined (aliases: PrincessJenny)
[2025-11-14 23:03:05] <Kraven12> shes trying to say she wants to bone
[2025-11-14 23:03:08] <Thee_Original_Pizza> They were just talking about faith 
[2025-11-14 23:03:08] <xTOMSERVOx> Co=Written by Kirk Cameron
[2025-11-14 23:03:15] <AmbsAce> lol
[2025-11-14 23:03:18] <HeyBud> I missed it, I was heating up rice :(
[2025-11-14 23:03:22] <leathertowel> blech
[2025-11-14 23:03:23] <AmbsAce> Kevin Sorbo debuts in the thrid act
[2025-11-14 23:03:25] <acidwashvideo> lmaoooo
[2025-11-14 23:03:26] <HeyBud> lmao this music
[2025-11-14 23:03:31] <Kraven12> #sway
[2025-11-14 23:03:32] <BeaArthurDeathCult> gross
[2025-11-14 23:03:33] <AmbsAce> hjahahaha
[2025-11-14 23:03:35] <acidwashvideo> #guitar
[2025-11-14 23:03:35] <Kraven12> #lol
[2025-11-14 23:03:36] <AmbsAce> this is great
[2025-11-14 23:03:37] * <*> BeaArthurDeathCult has left
[2025-11-14 23:03:39] <evapilot> Christ. My penis will suck into my body if we're subjected to a sex scene here
[2025-11-14 23:03:43] <HeyBud> that was some hot sexy music
[2025-11-14 23:03:43] <SqueezeMeCigaretti> Please, unsimulated intercourse
[2025-11-14 23:03:47] <Kraven12> what a moment
[2025-11-14 23:03:52] <xTOMSERVOx> Get the hose so we can get him off her once they're done
[2025-11-14 23:03:55] <Thee_Original_Pizza> 2 days
[2025-11-14 23:03:58] <Kraven12> hahah
[2025-11-14 23:03:59] <LandoWestCoast> the least romantic kissing ive ever seen
[2025-11-14 23:04:00] <leathertowel> he inspired any winehouse's whole hairsttylist's career
[2025-11-14 23:04:02] <AmbsAce> HAHAHA
[2025-11-14 23:04:08] <evapilot> I bet this guy is in the Epstein files. 
[2025-11-14 23:04:13] <naten530> lol
[2025-11-14 23:04:16] <SqueezeMeCigaretti> I don't know, I think they're fucking I
[2025-11-14 23:04:17] <HeyBud> LandoWestCoast: now we got another just in case you didnt find it romantic enough
[2025-11-14 23:04:17] * <*> wyzz has left
[2025-11-14 23:04:23] <Kraven12> wait, im pretty sure she IS helping him go out with a bang
[2025-11-14 23:04:25] <leathertowel> i'd be crying, too.
[2025-11-14 23:04:27] <Thee_Original_Pizza> I *cannot* get over the fact that the ticking clock is a bomb up his ass
[2025-11-14 23:04:32] <HeyBud> lmao
[2025-11-14 23:04:33] <AmbsAce> 1994 really was a great year for movies. This, Jurassic Park...
[2025-11-14 23:04:38] <naten530> What city was that, LA?
[2025-11-14 23:04:40] <leathertowel> Speed
[2025-11-14 23:04:41] <Kraven12> ambs lol
[2025-11-14 23:04:44] <xTOMSERVOx> Such music for so little
[2025-11-14 23:04:45] <CorpseNothing> shes gonna have to stick her hand in there and fish out the bomb
[2025-11-14 23:04:55] <naten530> this feels more midwest
[2025-11-14 23:05:05] * <*> Speedchunk has joined
[2025-11-14 23:05:05] <[server]> Speedchunk joined (aliases: Speedchunk)
[2025-11-14 23:05:11] <CorpseNothing> >Straight Outta Budget
[2025-11-14 23:05:12] <acidwashvideo> those are Missouri plates from the 90s
[2025-11-14 23:05:17] <AmbsAce> lmao Corpse
[2025-11-14 23:05:19] <acidwashvideo> I'd know that dried blood color anywhere
[2025-11-14 23:05:29] <xTOMSERVOx> I can fix her
[2025-11-14 23:05:29] * <*> PrincessJenny has left
[2025-11-14 23:05:32] <CorpseNothing> I love tweaker woman
[2025-11-14 23:05:33] * <*> PrincessJenny has joined
[2025-11-14 23:05:33] <[server]> PrincessJenny joined (aliases: PrincessJenny)
[2025-11-14 23:05:33] <AmbsAce> Putting the Mo in Moonchild
[2025-11-14 23:05:40] <naten530> We have Mad Max at home
[2025-11-14 23:05:48] <yaboonabi> i'd dip my toes in her gene pool
[2025-11-14 23:05:52] * <*> PrincessJenny has left
[2025-11-14 23:05:52] <SqueezeMeCigaretti> We have plot at home
[2025-11-14 23:05:53] <Thee_Original_Pizza> Oh, *something's* stopping brain functions alright
[2025-11-14 23:05:53] <yaboonabi> there's probably only a little pee
[2025-11-14 23:06:04] <Thee_Original_Pizza> KISS
[2025-11-14 23:06:04] <AmbsAce> lol pizza
[2025-11-14 23:06:06] <xTOMSERVOx> Would fit me perfect as long as that pool is shallow
[2025-11-14 23:06:21] <yaboonabi> Talon has washed-up jock energy out the wazoo
[2025-11-14 23:06:29] <SqueezeMeCigaretti> That is not an intimidating accent
[2025-11-14 23:06:40] <Kraven12> #whoa3
[2025-11-14 23:06:45] <Kraven12> hes so confused all the time 
[2025-11-14 23:06:50] <xTOMSERVOx> Oh, don't let her talk
[2025-11-14 23:06:50] <CorpseNothing> I love this acting
[2025-11-14 23:06:51] <Kraven12> WHAT IN THE?!?!
[2025-11-14 23:07:00] <AmbsAce> or worse, shot you for this scene
[2025-11-14 23:07:07] <naten530> Talon lol
[2025-11-14 23:07:09] <xTOMSERVOx> Can't she just be a pretty face? Please?
[2025-11-14 23:07:10] <Thee_Original_Pizza> Against the Sedality?
[2025-11-14 23:07:12] <AmbsAce> DUN DADADUN!
[2025-11-14 23:07:20] <leathertowel> a dirty disney live-action favorite of mine with porn hunk dick more-anus?
[2025-11-14 23:07:22] <naten530> #synth
[2025-11-14 23:07:27] <leathertowel> _Honey, I Cuck The Kids!_
[2025-11-14 23:07:31] <CorpseNothing> could he have found a dirtier coat?
[2025-11-14 23:07:39] <naten530> lol leather
[2025-11-14 23:07:41] <AmbsAce> The Knights of Maddog 20/20
[2025-11-14 23:07:42] <CorpseNothing> the chrome cape!
[2025-11-14 23:07:43] <xTOMSERVOx> Who's that Cuck?
[2025-11-14 23:07:52] <Kraven12> #kissguitar2
[2025-11-14 23:07:53] <naten530> Cucks day Out
[2025-11-14 23:07:57] <evapilot> That's a nice Saab.
[2025-11-14 23:07:58] <leathertowel> Look Who's Cucking
[2025-11-14 23:07:59] <HeyBud> #ohmy 
[2025-11-14 23:08:00] <AmbsAce> I can smell this entire movie
[2025-11-14 23:08:01] <CorpseNothing> oh my
[2025-11-14 23:08:02] <xTOMSERVOx> I like her better
[2025-11-14 23:08:03] <Thee_Original_Pizza> Meanwhile, 5 months later
[2025-11-14 23:08:03] <acidwashvideo> ohhh this bitch
[2025-11-14 23:08:07] <AmbsAce> lol leather
[2025-11-14 23:08:07] <evapilot> CLASS 7!?
[2025-11-14 23:08:11] <naten530> what does it smell like
[2025-11-14 23:08:16] <HeyBud> damn, 7 is higher than 3
[2025-11-14 23:08:21] <Kraven12> holy shit class 7
[2025-11-14 23:08:24] <leathertowel> and it's more popular sequel _Look Who's Cucking Now_
[2025-11-14 23:08:25] <xTOMSERVOx> Freedom. It smells like freedom
[2025-11-14 23:08:26] <acidwashvideo> hhonestly grandma feels like you could copypaste her right into an episode of TNG
[2025-11-14 23:08:29] <acidwashvideo> change nothing
[2025-11-14 23:08:30] <CorpseNothing> this woman is a problem
[2025-11-14 23:08:36] <SqueezeMeCigaretti> You ain't hunting nothing but a free sandwich
[2025-11-14 23:08:37] <AmbsAce> she's employed a class 5 Aquanet
[2025-11-14 23:08:47] <yaboonabi> She's a 7 diamond "bounty hunter"
[2025-11-14 23:08:48] <evapilot> This grandma looks like a mummy of a stripper 
[2025-11-14 23:08:54] <Kraven12> this movie kicks fucking ass 
[2025-11-14 23:08:59] <naten530> It smells like Virgina slims, perfume, and lip gloss
[2025-11-14 23:08:59] <Thee_Original_Pizza> Get into my sedan
[2025-11-14 23:09:00] <SqueezeMeCigaretti> And I'm a class 7 booty hunter
[2025-11-14 23:09:03] <naten530> in that car
[2025-11-14 23:09:04] * <*> naten530 has left
[2025-11-14 23:09:05] <acidwashvideo> get in loser
[2025-11-14 23:09:05] * <*> naten530 has joined
[2025-11-14 23:09:05] <[server]> naten530 joined (aliases: naten530)
[2025-11-14 23:09:08] <evapilot> #dwightrockout
[2025-11-14 23:09:10] <yaboonabi> can't be bothered to make the car look futuristic at all, huh
[2025-11-14 23:09:13] <SqueezeMeCigaretti> Yeah, I'm digging this
[2025-11-14 23:09:16] <AmbsAce> I used to work with the sweetest lady who looked exactly like that old woman. Resting French Bulldog face.
[2025-11-14 23:09:19] <HeyBud> calling it now, this is the best movie of november
[2025-11-14 23:09:23] <xTOMSERVOx> Booty Hunter 7 was pretty good
[2025-11-14 23:09:30] <CorpseNothing> oh shit a motorcycle!
[2025-11-14 23:09:33] <naten530> right yaboon just here's your regular shitty present day car
[2025-11-14 23:09:37] <CorpseNothing> #headbangrock
[2025-11-14 23:09:37] <AmbsAce> god, those old Broncos
[2025-11-14 23:09:44] <yaboonabi> do we have our own awards every year? cause this could take it
[2025-11-14 23:09:51] * <*> abime has left
[2025-11-14 23:09:52] * <*> ActivateWindows has joined
[2025-11-14 23:09:52] <[server]> ActivateWindows joined (aliases: kevinchrist,ActivateWindows)
[2025-11-14 23:10:00] <Kraven12> #lol2
[2025-11-14 23:10:00] <SqueezeMeCigaretti> Croikey. Gotta jam my weenie up that croc's butthole
[2025-11-14 23:10:00] <Thee_Original_Pizza> I dunno Bud, we *did* watch The Duct Tape Killer on the 1st
[2025-11-14 23:10:06] <CorpseNothing> oh fuck
[2025-11-14 23:10:08] <AmbsAce> lol
[2025-11-14 23:10:10] <CorpseNothing> theyre doing it
[2025-11-14 23:10:10] <Kraven12> this is some epic shit
[2025-11-14 23:10:11] <HeyBud> Thee_Original_Pizza: lmao, okay okay , this is at #2
[2025-11-14 23:10:14] <naten530> This feels like a skate video
[2025-11-14 23:10:16] * <*> i_love_boobies has joined
[2025-11-14 23:10:16] <[server]> i_love_boobies joined (aliases: i_love_boobies)
[2025-11-14 23:10:17] <xTOMSERVOx> Drive by rough housing
[2025-11-14 23:10:18] <FertilityHollis> DAMN
[2025-11-14 23:10:18] <CorpseNothing> no insurance in sight
[2025-11-14 23:10:26] <AmbsAce> We watched Sledgehammer this month
[2025-11-14 23:10:26] <FertilityHollis> talk about doing your own stunts.
[2025-11-14 23:10:27] <naten530> like the skits in between the skating
[2025-11-14 23:10:30] * <*> i_love_boobies has left
[2025-11-14 23:10:31] <SqueezeMeCigaretti> Camp Cuck Yourself
[2025-11-14 23:10:39] <naten530> lmao
[2025-11-14 23:10:40] <CorpseNothing> so fast!
[2025-11-14 23:10:42] <HeyBud> 10/10 action
[2025-11-14 23:10:42] <xTOMSERVOx> Sleepaway Cuck
[2025-11-14 23:10:45] <leathertowel> remember that dane cook classic where he sleeps with women in front of the men then end up marrying?
[2025-11-14 23:10:45] <FertilityHollis> like, fuck you Tom Cruise, this chunky girl is badass
[2025-11-14 23:10:45] * <*> bifftango has joined
[2025-11-14 23:10:46] <[server]> bifftango joined (aliases: bifftango)
[2025-11-14 23:10:46] <Kraven12> #rockout
[2025-11-14 23:10:46] <AmbsAce> lol tom
[2025-11-14 23:10:49] <yaboonabi> why doesn't he just wolf out and eat them, is he stupid?
[2025-11-14 23:10:50] <HeyBud> bollywood wishes it had action scenes like this
[2025-11-14 23:10:54] <leathertowel>  _Good Luck Cuck_
[2025-11-14 23:10:55] <Thee_Original_Pizza> Motor snykles?
[2025-11-14 23:10:56] <naten530> Oh shit, Shes got a GUN!
[2025-11-14 23:10:56] <CorpseNothing> damn!
[2025-11-14 23:10:58] <Kraven12> HAHAHA
[2025-11-14 23:10:59] <FertilityHollis> HeyBud yes!!
[2025-11-14 23:11:05] <naten530> that headshot lol
[2025-11-14 23:11:08] <CorpseNothing> she shot that guy for real
[2025-11-14 23:11:18] <CorpseNothing> crashing the bike was NOT in the budget
[2025-11-14 23:11:20] <HeyBud> #farleydance
[2025-11-14 23:11:23] <xTOMSERVOx> I Now Pronounce you Cuck and Cuck
[2025-11-14 23:11:24] <naten530> that kid is just there
[2025-11-14 23:11:26] * <*> ActivateWindows has left
[2025-11-14 23:11:37] <naten530> A Few Good Cucks
[2025-11-14 23:11:40] <SqueezeMeCigaretti> This is awesome
