[2025-11-14 22:31:12] <evapilot> This is Jared Leto's Heaven btw.
[2025-11-14 22:31:12] <HeyBud> xTOMSERVOx: no, this is what you'd see any day in a wafflehouse alley way
[2025-11-14 22:31:12] <naten530> Manchild
[2025-11-14 22:31:12] <Gabaghoul64> lol bea
[2025-11-14 22:31:12] <xTOMSERVOx> Lol
[2025-11-14 22:31:12] <StonedRock> they live in the california love music video world
[2025-11-14 22:31:12] <kevinchrist> Hahahah eva
[2025-11-14 22:31:12] <han_jammer> exactly sr
[2025-11-14 22:31:12] <naten530> The male version of Hillary Swank
[2025-11-14 22:31:12] <kevinchrist> Lmaooo
[2025-11-14 22:31:12] <SqueezeMeMacaroni> Henry Wank?
[2025-11-14 22:31:12] <HeyBud> love the stepinpuddle.mp3
[2025-11-14 22:31:12] <naten530> lol mac
[2025-11-14 22:31:12] <xTOMSERVOx> Billy Swank? Star of the flop "The Crust"?
[2025-11-14 22:31:12] <ActivateWindows> Perfect mac
[2025-11-14 22:31:12] * <*> Now playing: Moonchild.[1994].mp4
[2025-11-14 22:31:12] * <*> FertilityHollis has left
[2025-11-14 22:31:12] * <*> FertilityHollis has joined
[2025-11-14 22:31:12] * <*> Now playing: Moonchild.[1994].mp4
[2025-11-14 22:31:14] <Thee_Original_Pizza> Sewer child
[2025-11-14 22:31:14] <SqueezeMeMacaroni> goes perfectly with soundtrack.midi
[2025-11-14 22:31:18] <HeyBud> lol
[2025-11-14 22:31:20] <acidwashvideo> "I've known danger all my life...you see, I was born at a Dutch angle..."
[2025-11-14 22:31:24] <Gabaghoul64> Eva do you mean a world where everyone is as bad an actor as Leto?
