[2025-11-14 23:24:55] <Kraven12> #grouphighfive
[2025-11-14 23:24:55] <yaboonabi> i had to leave the room because of the intense violence
[2025-11-14 23:24:55] <naten530> Back of Moonchild, seriously
[2025-11-14 23:24:55] <Rhaast> so why beat up the guards if youre not going through that entrance
[2025-11-14 23:24:55] <xTOMSERVOx> Watch out for giant piles of turtle shit
[2025-11-14 23:24:55] <Rhaast> WHAT
[2025-11-14 23:24:55] <HeyBud> love how the cover was already partially open
[2025-11-14 23:24:55] <Kraven12> i want a Weasel action figure
[2025-11-14 23:24:55] <SqueezeMeCigaretti> I like how they alternate between the best music ever and the worst music ever
[2025-11-14 23:24:55] <AmbsAce> He 1000% has told women in bars that he starred in a movie
[2025-11-14 23:24:55] <Thee_Original_Pizza> "Wanna see my movie?!"
[2025-11-14 23:24:55] <Kraven12> i wonder if Moonchild made action figures
[2025-11-14 23:24:55] <AmbsAce> and I mean in 2025
[2025-11-14 23:24:55] <acidwashvideo> oh surely there's a funko pop
[2025-11-14 23:24:55] <Kraven12> lol
[2025-11-14 23:24:55] * <*> Now playing: Moonchild.[1994].mp4
[2025-11-14 23:24:56] * <*> FertilityHollis has joined
[2025-11-14 23:24:56] * <*> Now playing: Moonchild.[1994].mp4
[2025-11-14 23:24:56] <naten530> Grater!
[2025-11-14 23:24:57] <AmbsAce> That's why they're going bankrupt
[2025-11-14 23:24:58] <yaboonabi> at the time this was made, it took close to a day to download 1 16bit midi song
