[2025-11-14 22:48:06] <acidwashvideo> F
[2025-11-14 22:48:06] <Thee_Original_Pizza> OH NO! Don't do it, ultimate killing machine!
[2025-11-14 22:48:06] <Gabaghoul64> Anakins mom
[2025-11-14 22:48:06] <SqueezeMeMacaroni> They cast senile old people in this so they could pretend they already paid them
[2025-11-14 22:48:06] <naten530> Vape attack
[2025-11-14 22:48:06] <evapilot> lol sqeeze
[2025-11-14 22:48:06] <naten530> lmao Mac
[2025-11-14 22:48:06] <makeemsayugh> are they raping him? wtf
[2025-11-14 22:48:06] <CorpseNothing> guess they only needed the one assassin
[2025-11-14 22:48:06] <xTOMSERVOx> Much better
[2025-11-14 22:48:06] <naten530> he crushed him lol
[2025-11-14 22:48:06] <AmbsAce> hugged to death
[2025-11-14 22:48:06] <acidwashvideo> "you blew all your movie money on nickel slots at the boat, grampa"
[2025-11-14 22:48:06] <evapilot> lol
[2025-11-14 22:48:06] <naten530> Shredder at home
[2025-11-14 22:48:06] * <*> Now playing: Moonchild.[1994].mp4
[2025-11-14 22:48:07] * <*> FertilityHollis has joined
[2025-11-14 22:48:07] * <*> Now playing: Moonchild.[1994].mp4
[2025-11-14 22:48:07] * <*> LemmyCaution has left
[2025-11-14 22:48:10] <CorpseNothing> damn, dork
[2025-11-14 22:48:11] <AmbsAce> cardboard headded dork*
[2025-11-14 22:48:21] <naten530> Henry Wank!
[2025-11-14 22:48:23] <CorpseNothing> lol get punched
[2025-11-14 22:48:24] <makeemsayugh> hes HIM!!!!!
[2025-11-14 22:48:24] <acidwashvideo> #lol
[2025-11-14 22:48:25] <FertilityHollis> ok, maybe this was the last quick fix. lol
[2025-11-14 22:48:26] <Thee_Original_Pizza> It's ME!
[2025-11-14 22:48:27] <AmbsAce> Who do you think you are I am!
[2025-11-14 22:48:31] <StonedRock> lol
[2025-11-14 22:48:34] <CorpseNothing> this isnt in the script
[2025-11-14 22:48:41] <chudsworth> I'm calling it. Night all! See you tomorrow
[2025-11-14 22:48:45] <naten530> later Chuds
[2025-11-14 22:48:46] <xTOMSERVOx> No! The North Star and the Southern Cross must never fight!
[2025-11-14 22:48:46] <AmbsAce> Night chuds!
[2025-11-14 22:48:46] <makeemsayugh> gg chuds
[2025-11-14 22:48:46] <FertilityHollis> later chuds
[2025-11-14 22:48:47] <CorpseNothing> night Chud
[2025-11-14 22:48:49] <Thee_Original_Pizza> Night Chuds!
[2025-11-14 22:48:51] <acidwashvideo> nite chuds
[2025-11-14 22:48:53] * <*> chudsworth has left
[2025-11-14 22:48:53] * <*> chudsworth has joined
[2025-11-14 22:48:53] <[server]> chudsworth joined (aliases: chudsworth)
[2025-11-14 22:48:53] <AmbsAce> lmao Tom
[2025-11-14 22:49:15] <Thee_Original_Pizza> Oh no! His pudding!
[2025-11-14 22:49:16] <SqueezeMeCigaretti> Squelch
[2025-11-14 22:49:17] <xTOMSERVOx> Uh huh
[2025-11-14 22:49:22] * <*> chudsworth has left
[2025-11-14 22:49:27] <AmbsAce> They didn't even go with football pads. Straight up duct tape on cardboard fuckin love it
[2025-11-14 22:49:30] <xTOMSERVOx> ok
[2025-11-14 22:49:30] <naten530> Gary Daniels loves Fist of the North Star so much he named his first born son Kenshiro
[2025-11-14 22:49:39] <naten530> loved*
[2025-11-14 22:49:45] <Thee_Original_Pizza> The ultimate killing machine is powered by pudding. Makes sense.
[2025-11-14 22:49:46] <makeemsayugh> nice saw, prob accounts for 80% of the budget thou
[2025-11-14 22:49:57] <xTOMSERVOx> Gary has good taste. Nothing so much fun as watching Chris Penn's head explode
[2025-11-14 22:50:04] <AmbsAce> oh god, what did they glue a sawblade to? was that a tiny orbital sander?
[2025-11-14 22:50:15] <naten530> Chris Penns big beefy head
[2025-11-14 22:50:15] <CorpseNothing> I'm starting to think the poster might be misleading
[2025-11-14 22:50:15] <evapilot> what. the. fuck.
[2025-11-14 22:50:20] <evapilot> #saywhat2
[2025-11-14 22:50:20] <xTOMSERVOx> Is this the morphin?
[2025-11-14 22:50:25] <makeemsayugh> this is total nonsense!!
[2025-11-14 22:50:28] <CorpseNothing> its Morbin time
[2025-11-14 22:50:35] <Thee_Original_Pizza> Oh no!
[2025-11-14 22:50:36] <makeemsayugh> hes morbin out
[2025-11-14 22:50:37] <SqueezeMeCigaretti> #werewolf
[2025-11-14 22:50:50] <AmbsAce> lmao Corpse, the poster made me expect pretty much this exact movie
[2025-11-14 22:50:54] <Thee_Original_Pizza> OW! MY FACE!
[2025-11-14 22:50:56] <CorpseNothing> "oh fuck, youre gonna make me Morb!"
[2025-11-14 22:50:58] <xTOMSERVOx> Looks almost as painful as Wolf Cop
[2025-11-14 22:51:00] <AmbsAce> hahahahahahaha
[2025-11-14 22:51:08] <makeemsayugh> he's beginning to morb....
[2025-11-14 22:51:22] <TeenageDraculerX> hes cumming sparks
[2025-11-14 22:51:23] <Thee_Original_Pizza> His dick exploded
[2025-11-14 22:51:27] <makeemsayugh> wait hes a robot? wtf
[2025-11-14 22:51:27] <SqueezeMeCigaretti> Yup, totally how werewolves look
[2025-11-14 22:51:28] <acidwashvideo> werewolves are tool users?
[2025-11-14 22:51:33] <CorpseNothing> alll that to look like Beghoul from Sinister?
[2025-11-14 22:51:34] <xTOMSERVOx> He must have eaten Gluten
[2025-11-14 22:51:51] <Thee_Original_Pizza> Also, The Ultimate Killing Machine didn't seem that hard to kill
[2025-11-14 22:51:58] <SqueezeMeCigaretti> Olive Garden breadsticks, man
[2025-11-14 22:52:26] <Kraven12> damn im stoned
[2025-11-14 22:52:37] <SqueezeMeCigaretti> Same, oops
[2025-11-14 22:52:37] * <*> Dario2635 has joined
[2025-11-14 22:52:37] <[server]> Dario2635 joined (aliases: Dario2635)
[2025-11-14 22:52:39] <Kraven12> #homerbong
[2025-11-14 22:52:45] <naten530> He ate too much Cincinnati chili
[2025-11-14 22:52:57] <naten530> Cincinatti
[2025-11-14 22:53:09] <Kraven12> how did this little girl get so chubby in the post appocolypse world?
[2025-11-14 22:53:14] <xTOMSERVOx> Oh, they did some hard science research before writing this script. I can tell
[2025-11-14 22:53:15] <Kraven12> where is she getting all this food?
[2025-11-14 22:53:25] <SqueezeMeCigaretti> Beans. All beans
