[2025-11-14 23:14:37] <HeyBud> this sound jesus christ
[2025-11-14 23:14:37] <Thee_Original_Pizza> RUSTLE RUSTLE RUSTL
[2025-11-14 23:14:37] <Rhaast> #afraid
[2025-11-14 23:14:38] <yaboonabi> shooing away spiders
[2025-11-14 23:14:38] <SqueezeMeCigaretti> Hissing louder than Vipers
[2025-11-14 23:14:38] <xTOMSERVOx> Damn, I gotta piss but this is hard to look away from
[2025-11-14 23:14:38] <Kraven12> give me the marshmellows and nobody gets hurt!
[2025-11-14 23:14:38] <naten530> RIP headphone weares
[2025-11-14 23:14:38] <HeyBud> they had good audio at the fire pit, rip my ears
[2025-11-14 23:14:38] <naten530> wearers
[2025-11-14 23:14:38] <SqueezeMeCigaretti> Tom, that's why I made a new account for pooping on my phone
[2025-11-14 23:14:38] <naten530> crackle crackle snap
[2025-11-14 23:14:38] <Kraven12> WHAT IN THE HELL
[2025-11-14 23:14:38] <SqueezeMeCigaretti> I mean, not pooping on my phone
[2025-11-14 23:14:38] <Rhaast> just morph wolfbro
[2025-11-14 23:14:38] * <*> Now playing: Moonchild.[1994].mp4
[2025-11-14 23:14:38] * <*> FertilityHollis has joined
[2025-11-14 23:14:38] * <*> Now playing: Moonchild.[1994].mp4
[2025-11-14 23:14:40] <naten530> ChiCAWgo
[2025-11-14 23:14:40] <HeyBud> A SNACCC
[2025-11-14 23:14:43] <acidwashvideo> bahaha
[2025-11-14 23:14:46] <Thee_Original_Pizza> He a snack
[2025-11-14 23:14:50] <HeyBud> 100% snack
[2025-11-14 23:14:55] <Kraven12> hey Rhast :D
[2025-11-14 23:14:55] <CorpseNothing> hot
[2025-11-14 23:14:56] <Thee_Original_Pizza> Thank you 1994
[2025-11-14 23:14:57] <Kraven12> #passjoint
[2025-11-14 23:15:03] <Kraven12> unleash the wolf
[2025-11-14 23:15:03] <FertilityHollis> These people are trying to make Dune with $15 and a bag of weed
[2025-11-14 23:15:09] <SqueezeMeCigaretti> Kill you fast and eat you slow goes hard
[2025-11-14 23:15:15] <HeyBud> Imagine Hades here calling you a snack, I'd blush
[2025-11-14 23:15:25] <HeyBud> is this night vision
[2025-11-14 23:15:28] <naten530> nailed it FH
[2025-11-14 23:15:35] <Thee_Original_Pizza> Oh no, now it's a LiveLeak video
[2025-11-14 23:15:44] <HeyBud> they're wlaking down teh ladder
[2025-11-14 23:15:55] <naten530> lol pizza
[2025-11-14 23:15:59] <naten530> beheading lol
[2025-11-14 23:16:01] <HeyBud> they literally walked down a ladder, that's nuts
[2025-11-14 23:16:15] * <*> Dario2635 has left
[2025-11-14 23:16:16] <SqueezeMeCigaretti> That doesn't look post-apocalyptic
[2025-11-14 23:16:17] * <*> Dario2635 has joined
[2025-11-14 23:16:17] <[server]> Dario2635 joined (aliases: Dario2635)
[2025-11-14 23:16:22] <Thee_Original_Pizza> If *THIS* film can do this much night filming, no other movies have any excuses
[2025-11-14 23:16:22] * <*> thejebber has left
[2025-11-14 23:16:26] <acidwashvideo> well it's nice to see the power grid is still alive and kicking
[2025-11-14 23:16:33] <naten530> I bet gramma will fuck your balls awff
[2025-11-14 23:16:37] <HeyBud> And this movie doesn't even have day for night
[2025-11-14 23:16:48] <Kraven12> medusa has been around the block
[2025-11-14 23:16:59] <SqueezeMeCigaretti> Ino day for night, just weed for plot
[2025-11-14 23:17:01] <Thee_Original_Pizza> Is that a music video on the wall?
[2025-11-14 23:17:03] <AmbsAce> an antirebellion squad, how specialized
[2025-11-14 23:17:04] <HeyBud> no one knows what he's talking to
[2025-11-14 23:17:26] <acidwashvideo> three snaps in a z formation, medusa out
[2025-11-14 23:17:29] <Thee_Original_Pizza> No, *that's* not why
[2025-11-14 23:17:31] <AmbsAce> He really gives 110% acting per line
[2025-11-14 23:17:32] <xTOMSERVOx> Pop goes the weasel I guess
[2025-11-14 23:17:33] <HeyBud> thank you for the exposition about your name
[2025-11-14 23:17:48] <GiggityGoop> lol tom
[2025-11-14 23:17:49] <Kraven12> how is she gonna weasel out of this mess?
[2025-11-14 23:17:49] <SqueezeMeCigaretti> They call her wheezal on account of the asthma
[2025-11-14 23:17:54] <HeyBud> lmao kraven
[2025-11-14 23:17:58] <AmbsAce> quick fart
[2025-11-14 23:17:58] <Thee_Original_Pizza> That's why she *think* they call her Weasel
[2025-11-14 23:17:59] <HeyBud> lol cig
[2025-11-14 23:18:20] <xTOMSERVOx> Pauly Shore spoke highly of her
[2025-11-14 23:18:21] <naten530> This was made by people who work at Microcenter
[2025-11-14 23:18:22] <HeyBud> ... cut?
[2025-11-14 23:18:23] <Kraven12> #howl
[2025-11-14 23:18:30] * <*> WiredWatcher has joined
[2025-11-14 23:18:30] <[server]> WiredWatcher joined (aliases: WiredWatcher)
[2025-11-14 23:18:32] <Thee_Original_Pizza> AAAAAH
[2025-11-14 23:18:35] <Thee_Original_Pizza> That cut
[2025-11-14 23:18:38] <Thee_Original_Pizza> Holy shit
[2025-11-14 23:18:39] <HeyBud> lmao
[2025-11-14 23:18:43] <HeyBud> LETS GO
[2025-11-14 23:18:47] <HeyBud> #cooldance
[2025-11-14 23:18:51] <SqueezeMeCigaretti> #headbangrock
[2025-11-14 23:18:53] <Kraven12> haha that kick
[2025-11-14 23:18:53] <AmbsAce> #farleydance
[2025-11-14 23:18:53] <naten530> lmao bud
[2025-11-14 23:18:56] <Thee_Original_Pizza> BALLS
[2025-11-14 23:19:01] <HeyBud> #batmanfight
[2025-11-14 23:19:02] <SqueezeMeCigaretti> This rules so hard
[2025-11-14 23:19:08] <xTOMSERVOx> The cape
[2025-11-14 23:19:09] <naten530> #rothrock
[2025-11-14 23:19:12] * <*> LandoWestCoast has left
[2025-11-14 23:19:24] <HeyBud> PSH.mp3
[2025-11-14 23:19:43] <Shnoops> midwest kung fu
[2025-11-14 23:19:44] <naten530> This sounds like 1996 Slipknot
[2025-11-14 23:19:45] <SqueezeMeCigaretti> #roadhousekick
[2025-11-14 23:19:48] <CorpseNothing> lmao what is happening here?
[2025-11-14 23:20:03] <HeyBud> naten530: and looks like a 1996 slipknot moshpit
[2025-11-14 23:20:06] <Thee_Original_Pizza> bonk
[2025-11-14 23:20:12] <HeyBud> or an average night at dennys
[2025-11-14 23:20:13] <SqueezeMeCigaretti> Not the worst fight scene
[2025-11-14 23:20:14] <naten530> lol
[2025-11-14 23:20:18] <naten530> bud
[2025-11-14 23:20:28] <Kraven12> this is amaziingly awful lmao
[2025-11-14 23:20:30] <AmbsAce> Not even badly lit or shot
[2025-11-14 23:20:33] <HeyBud> NO
[2025-11-14 23:20:37] <Thee_Original_Pizza> yum yum
[2025-11-14 23:20:37] <HeyBud> im tomorrow's SNACK
[2025-11-14 23:20:39] * <*> AmbsAce has left
