[2025-11-14 22:59:01] <naten530> You want a bomb inside of you just eat a Bomb brand burrito
[2025-11-14 22:59:01] <SqueezeMeMacaroni> lol Tom
[2025-11-14 22:59:01] <Kraven12> leather lol
[2025-11-14 22:59:01] <CorpseNothing> he ate a pie sold by some shady guys on a pirate ship
[2025-11-14 22:59:01] <Rhaast> what in the silent hill mannequin roleplaying
[2025-11-14 22:59:01] <xTOMSERVOx> Grandma go home, we don't need you in this movie
[2025-11-14 22:59:01] <leathertowel> #heyyo Kraven12. good to see you as ever
[2025-11-14 22:59:01] <SqueezeMeMacaroni> Ambs, I would watch that movie for sure
[2025-11-14 22:59:01] <Thee_Original_Pizza> Is she wearing a breadstick headband?
[2025-11-14 22:59:01] <Kraven12> Bomb Burritos are awesome at 230am when youre drunk adn stoned
[2025-11-14 22:59:01] <SqueezeMeMacaroni> Olive Garden breadsticks, man
[2025-11-14 22:59:01] <AmbsAce> She's dressed as the time my dog pooped out an untied balloon
[2025-11-14 22:59:01] <acidwashvideo> her besties have soup and salad hats
[2025-11-14 22:59:01] <SqueezeMeMacaroni> haha
[2025-11-14 22:59:01] <CorpseNothing> HA
[2025-11-14 22:59:01] * <*> Now playing: Moonchild.[1994].mp4
[2025-11-14 22:59:01] * <*> FertilityHollis has joined
[2025-11-14 22:59:02] * <*> Now playing: Moonchild.[1994].mp4
[2025-11-14 22:59:03] <GiggityGoop> #wtf
[2025-11-14 22:59:03] <Kraven12> #holyshit
[2025-11-14 22:59:09] <CorpseNothing> 10/10 no notes
[2025-11-14 22:59:17] <naten530> ewwwww
[2025-11-14 22:59:17] <Thee_Original_Pizza> #saywhat2
[2025-11-14 22:59:20] <naten530> where'd that hand come fron
[2025-11-14 22:59:22] <naten530> from
[2025-11-14 22:59:24] <CorpseNothing> oh no, shes squirting!
[2025-11-14 22:59:30] <SqueezeMeMacaroni> #what
